c:\users\amna\desktop\eighth semester\imgui-1.82\imgui-1.82\examples\example_glfw_opengl3\debug\vc142.pdb
c:\users\amna\desktop\eighth semester\imgui-1.82\imgui-1.82\examples\example_glfw_opengl3\debug\vc142.idb
c:\users\amna\desktop\eighth semester\imgui-1.82\imgui-1.82\examples\example_glfw_opengl3\debug\stdafx.obj
c:\users\amna\desktop\eighth semester\imgui-1.82\imgui-1.82\examples\example_glfw_opengl3\debug\serial.obj
c:\users\amna\desktop\eighth semester\imgui-1.82\imgui-1.82\examples\example_glfw_opengl3\debug\main.obj
c:\users\amna\desktop\eighth semester\imgui-1.82\imgui-1.82\examples\example_glfw_opengl3\debug\implot_items.obj
c:\users\amna\desktop\eighth semester\imgui-1.82\imgui-1.82\examples\example_glfw_opengl3\debug\implot_demo.obj
c:\users\amna\desktop\eighth semester\imgui-1.82\imgui-1.82\examples\example_glfw_opengl3\debug\implot.obj
c:\users\amna\desktop\eighth semester\imgui-1.82\imgui-1.82\examples\example_glfw_opengl3\debug\imgui_impl_opengl3.obj
c:\users\amna\desktop\eighth semester\imgui-1.82\imgui-1.82\examples\example_glfw_opengl3\debug\imgui_impl_glfw.obj
c:\users\amna\desktop\eighth semester\imgui-1.82\imgui-1.82\examples\example_glfw_opengl3\debug\imgui_widgets.obj
c:\users\amna\desktop\eighth semester\imgui-1.82\imgui-1.82\examples\example_glfw_opengl3\debug\imgui_tables.obj
c:\users\amna\desktop\eighth semester\imgui-1.82\imgui-1.82\examples\example_glfw_opengl3\debug\imgui_draw.obj
c:\users\amna\desktop\eighth semester\imgui-1.82\imgui-1.82\examples\example_glfw_opengl3\debug\imgui_demo.obj
c:\users\amna\desktop\eighth semester\imgui-1.82\imgui-1.82\examples\example_glfw_opengl3\debug\imgui.obj
c:\users\amna\desktop\eighth semester\imgui-1.82\imgui-1.82\examples\example_glfw_opengl3\debug\gl3w.obj
c:\users\amna\desktop\eighth semester\imgui-1.82\imgui-1.82\examples\example_glfw_opengl3\debug\example_glfw_opengl3.exe
c:\users\amna\desktop\eighth semester\imgui-1.82\imgui-1.82\examples\example_glfw_opengl3\debug\example_.4a1fb5ea.tlog\cl.command.1.tlog
c:\users\amna\desktop\eighth semester\imgui-1.82\imgui-1.82\examples\example_glfw_opengl3\debug\example_.4a1fb5ea.tlog\cl.read.1.tlog
c:\users\amna\desktop\eighth semester\imgui-1.82\imgui-1.82\examples\example_glfw_opengl3\debug\example_.4a1fb5ea.tlog\cl.write.1.tlog
c:\users\amna\desktop\eighth semester\imgui-1.82\imgui-1.82\examples\example_glfw_opengl3\debug\example_.4a1fb5ea.tlog\link.command.1.tlog
c:\users\amna\desktop\eighth semester\imgui-1.82\imgui-1.82\examples\example_glfw_opengl3\debug\example_.4a1fb5ea.tlog\link.read.1.tlog
c:\users\amna\desktop\eighth semester\imgui-1.82\imgui-1.82\examples\example_glfw_opengl3\debug\example_.4a1fb5ea.tlog\link.write.1.tlog
